<?xml version="1.0" encoding="UTF-8"?>
<!-- Generated by org.testng.reporters.JUnitReportReporter -->
<testsuite hostname="PUNITP415127L" failures="0" tests="2" name="tests.Demo2" time="4.570" errors="0" timestamp="2022-05-25T00:40:50 IST" skipped="0">
  <testcase classname="tests.Demo2" name="testDemo0" time="1.407"/>
  <system-out/>
  <testcase classname="tests.Demo2" name="testDemo" time="3.163"/>
  <system-out/>
</testsuite> <!-- tests.Demo2 -->
