<?xml version="1.0" encoding="UTF-8"?>
<!-- Generated by org.testng.reporters.JUnitReportReporter -->
<testsuite hostname="PUNITP415127L" failures="0" tests="2" name="tests.RESTdemo" time="8.200" errors="0" timestamp="2022-05-23T13:11:44 IST" skipped="0">
  <testcase classname="tests.RESTdemo" name="test2" time="3.022"/>
  <system-out/>
  <testcase classname="tests.RESTdemo" name="test1" time="5.178"/>
  <system-out/>
</testsuite> <!-- tests.RESTdemo -->
