<?xml version="1.0" encoding="UTF-8"?>
<!-- Generated by org.testng.reporters.JUnitReportReporter -->
<testsuite hostname="PUNITP415127L" failures="0" tests="1" name="tests.PutPatchDelete" time="1.954" errors="0" timestamp="2022-05-26T00:22:54 IST" skipped="0">
  <testcase classname="tests.PutPatchDelete" name="delete" time="1.954"/>
  <system-out/>
</testsuite> <!-- tests.PutPatchDelete -->
